20-May-2025 23:02:05.602 INFO [main] org.apache.catalina.startup.VersionLoggerListener.log Nombre de la versión del servidor: Apache Tomcat/11.0.7
20-May-2025 23:02:05.606 INFO [main] org.apache.catalina.startup.VersionLoggerListener.log Server built:                      May 7 2025 14:55:59 UTC
20-May-2025 23:02:05.607 INFO [main] org.apache.catalina.startup.VersionLoggerListener.log Número de versión de servidor:     11.0.7.0
20-May-2025 23:02:05.607 INFO [main] org.apache.catalina.startup.VersionLoggerListener.log OS Name:                           Windows 11
20-May-2025 23:02:05.607 INFO [main] org.apache.catalina.startup.VersionLoggerListener.log Versión de Systema Operativo:      10.0
20-May-2025 23:02:05.607 INFO [main] org.apache.catalina.startup.VersionLoggerListener.log Arquitectura:                      amd64
20-May-2025 23:02:05.607 INFO [main] org.apache.catalina.startup.VersionLoggerListener.log Java Home:                         C:\Program Files\Java\jdk-21
20-May-2025 23:02:05.608 INFO [main] org.apache.catalina.startup.VersionLoggerListener.log JVM Version:                       21.0.5+9-LTS-239
20-May-2025 23:02:05.608 INFO [main] org.apache.catalina.startup.VersionLoggerListener.log Vededor JVM:                       Oracle Corporation
20-May-2025 23:02:05.608 INFO [main] org.apache.catalina.startup.VersionLoggerListener.log CATALINA_BASE:                     C:\Users\sergi\Desktop\Project\Proyecto\Backend\pruebaDBconsola - Bueno2
20-May-2025 23:02:05.608 INFO [main] org.apache.catalina.startup.VersionLoggerListener.log CATALINA_HOME:                     C:\Users\sergi\Desktop\Project\Proyecto\Backend\apache-tomcat-11.0.7
20-May-2025 23:02:05.625 INFO [main] org.apache.catalina.startup.VersionLoggerListener.log Command line argument:             --add-opens=java.base/java.lang=ALL-UNNAMED
20-May-2025 23:02:05.626 INFO [main] org.apache.catalina.startup.VersionLoggerListener.log Command line argument:             --add-opens=java.base/java.io=ALL-UNNAMED
20-May-2025 23:02:05.626 INFO [main] org.apache.catalina.startup.VersionLoggerListener.log Command line argument:             --add-opens=java.base/java.util=ALL-UNNAMED
20-May-2025 23:02:05.627 INFO [main] org.apache.catalina.startup.VersionLoggerListener.log Command line argument:             --add-opens=java.base/java.util.concurrent=ALL-UNNAMED
20-May-2025 23:02:05.628 INFO [main] org.apache.catalina.startup.VersionLoggerListener.log Command line argument:             --add-opens=java.rmi/sun.rmi.transport=ALL-UNNAMED
20-May-2025 23:02:05.628 INFO [main] org.apache.catalina.startup.VersionLoggerListener.log Command line argument:             -Dcatalina.home=C:\Users\sergi\Desktop\Project\Proyecto\Backend\apache-tomcat-11.0.7
20-May-2025 23:02:05.630 INFO [main] org.apache.catalina.startup.VersionLoggerListener.log Command line argument:             -Dcatalina.base=C:\Users\sergi\Desktop\Project\Proyecto\Backend\pruebaDBconsola - Bueno2
20-May-2025 23:02:05.631 INFO [main] org.apache.catalina.startup.VersionLoggerListener.log Command line argument:             -Djava.io.tmpdir=C:\Users\sergi\Desktop\Project\Proyecto\Backend\pruebaDBconsola - Bueno2\temp
20-May-2025 23:02:05.631 INFO [main] org.apache.catalina.startup.VersionLoggerListener.log Command line argument:             -Djava.util.logging.config.file=C:\Users\sergi\Desktop\Project\Proyecto\Backend\pruebaDBconsola - Bueno2\conf\logging.properties
20-May-2025 23:02:05.632 INFO [main] org.apache.catalina.startup.VersionLoggerListener.log Command line argument:             -Djava.util.logging.manager=org.apache.juli.ClassLoaderLogManager
20-May-2025 23:02:05.632 INFO [main] org.apache.catalina.startup.VersionLoggerListener.log Command line argument:             -javaagent:C:\Program Files\JetBrains\IntelliJ IDEA 2024.2.3\lib\idea_rt.jar=60035:C:\Program Files\JetBrains\IntelliJ IDEA 2024.2.3\bin
20-May-2025 23:02:05.633 INFO [main] org.apache.catalina.startup.VersionLoggerListener.log Command line argument:             -Dfile.encoding=UTF-8
20-May-2025 23:02:05.634 INFO [main] org.apache.catalina.startup.VersionLoggerListener.log Command line argument:             -Dsun.stdout.encoding=UTF-8
20-May-2025 23:02:05.635 INFO [main] org.apache.catalina.startup.VersionLoggerListener.log Command line argument:             -Dsun.stderr.encoding=UTF-8
20-May-2025 23:02:05.648 INFO [main] org.apache.catalina.core.AprLifecycleListener.lifecycleEvent La biblioteca nativa de Apache Tomcat basada en ARP que permite un rendimiento óptimo en entornos de desarrollo no ha sido hallada en java.library.path: [C:\Program Files\Java\jdk-21\bin;C:\WINDOWS\Sun\Java\bin;C:\WINDOWS\system32;C:\WINDOWS;C:\Program Files\NVIDIA GPU Computing Toolkit\CUDA\v12.6\bin;C:\Program Files\NVIDIA GPU Computing Toolkit\CUDA\v12.6\libnvvp;C:\app\sergi\product\21c\dbhomeXE\bin;C:\Program Files\Common Files\Oracle\Java\javapath;C:\WINDOWS\system32;C:\WINDOWS;C:\WINDOWS\System32\Wbem;C:\WINDOWS\System32\WindowsPowerShell\v1.0\;C:\WINDOWS\System32\OpenSSH\;C:\Program Files\Java\jdk-21\bin;C:\Program Files\Git\cmd;C:\Program Files\Microsoft SQL Server\Client SDK\ODBC\170\Tools\Binn\;C:\Program Files\Microsoft SQL Server\150\Tools\Binn\;C:\Program Files\dotnet\;C:\Program Files (x86)\Windows Kits\10\Windows Performance Toolkit\;C:\Program Files\Amazon\AWSCLIV2\;C:\Program Files\NVIDIA Corporation\Nsight Compute 2024.3.2\;C:\Program Files (x86)\NVIDIA Corporation\PhysX\Common;C:\Program Files\NVIDIA Corporation\NVIDIA NvDLISR;C:\Program Files\nodejs\;C:\Users\sergi\AppData\Local\Programs\Python\Python310\Scripts\;C:\Users\sergi\AppData\Local\Programs\Python\Python310\;C:\Users\sergi\AppData\Local\Programs\Python\Python313\Scripts\;C:\Users\sergi\AppData\Local\Programs\Python\Python313\;C:\Users\sergi\AppData\Local\Programs\Python\Launcher\;C:\Users\sergi\AppData\Local\Microsoft\WindowsApps;C:\Users\sergi\AppData\Local\Programs\Microsoft VS Code\bin;C:\Users\sergi\.dotnet\tools;C:\Users\sergi\.lmstudio\bin;C:\Users\sergi\AppData\Roaming\npm;C:\ProgramData\Microsoft\Windows\Start Menu\Programs\Node.js\Node.js.lnk;C:\Users\sergi\Desktop\Project\Proyecto\Backend\apache-maven-3.9.9-bin\bin;;.]
20-May-2025 23:02:06.102 INFO [main] org.apache.coyote.AbstractProtocol.init Inicializando el manejador de protocolo ["http-nio-8080"]

20-May-2025 23:02:06.132 INFO [main] org.apache.catalina.startup.Catalina.load Server initialization in [821] milliseconds
20-May-2025 23:02:06.236 INFO [main] org.apache.catalina.core.StandardService.startInternal Arrancando servicio [Catalina]
20-May-2025 23:02:06.237 INFO [main] org.apache.catalina.core.StandardEngine.startInternal Starting Servlet engine: [Apache Tomcat/11.0.7]
20-May-2025 23:02:06.264 INFO [main] org.apache.catalina.startup.HostConfig.deployDescriptor Desplieque del descriptor de configuración [C:\Users\sergi\Desktop\Project\Proyecto\Backend\pruebaDBconsola - Bueno2\conf\Catalina\localhost\pruebaDBConsola.xml]
20-May-2025 23:02:06.545 INFO [main] org.apache.catalina.startup.ContextConfig.getDefaultWebXmlFragment No se ha hallado web.xml global
20-May-2025 23:02:07.711 INFO [main] org.apache.jasper.servlet.TldScanner.scanJars Al menos un JAR, que se ha explorado buscando TLDs, aún no contenía TLDs. Activar historial de depuración para este historiador para una completa lista de los JARs que fueron explorados y de los que nos se halló TLDs. Saltarse JARs no necesarios durante la exploración puede dar lugar a una mejora de tiempo significativa en el arranque y compilación de JSP .
20-May-2025 23:02:07.757 INFO [main] org.apache.catalina.startup.HostConfig.deployDescriptor Deployment of deployment descriptor [C:\Users\sergi\Desktop\Project\Proyecto\Backend\pruebaDBconsola - Bueno2\conf\Catalina\localhost\pruebaDBConsola.xml] has finished in [1.492] ms
20-May-2025 23:02:07.761 INFO [main] org.apache.coyote.AbstractProtocol.start Starting ProtocolHandler ["http-nio-8080"]
20-May-2025 23:02:07.786 INFO [main] org.apache.catalina.startup.Catalina.start Server startup in [1651] milliseconds
